This file contains any messages produced by compilers while
running configure, to aid debugging if configure makes a mistake.

It was created by htop configure 2.0.2, which was
generated by GNU Autoconf 2.69.  Invocation command line was

  $ ./configure CC=/home/yangmiansi/sysstat/android-ndk-r15c/tmp/compile-tools/bin/aarch64-linux-android-gcc --prefix=/home/yangmiansi/htop/htop-2.0.2/_install --host=arm-linux-androideabi --bindir=/home/yangmiansi/htop/htop-2.0.2/_install/xbin --with-sysroot=/home/yangmiansi/sysstat/android-ndk-r15c/sysroot CFLAGS=-I/home/yangmiansi/htop/ncurses-6.0/_install/include -I/home/yangmiansi/htop/ncurses-6.0/_install/include/ncurses -I/home/yangmiansi/sysstat/android-ndk-r15c/sources/android/support/include -pie -fPIE LDFLAGS=-L/home/yangmiansi/htop/ncurses-6.0/_install/lib -pie -fPIE --disable-unicode

## --------- ##
## Platform. ##
## --------- ##

hostname = ubuntu00
uname -m = x86_64
uname -r = 3.13.0-35-generic
uname -s = Linux
uname -v = #62-Ubuntu SMP Fri Aug 15 01:58:42 UTC 2014

/usr/bin/uname -p = unknown
/bin/uname -X     = unknown

/bin/arch              = unknown
/usr/bin/arch -k       = unknown
/usr/convex/getsysinfo = unknown
/usr/bin/hostinfo      = unknown
/bin/machine           = unknown
/usr/bin/oslevel       = unknown
/bin/universe          = unknown

PATH: /mnt/sda/yangmiansi/workspace/imx8_baseline/2.0.0/prebuilts/jdk/jdk9/linux-x86/bin
PATH: /mnt/sda/yangmiansi/workspace/imx8_baseline/2.0.0/out/soong/host/linux-x86/bin
PATH: /mnt/sda/yangmiansi/workspace/imx8_baseline/2.0.0/out/host/linux-x86/bin
PATH: /mnt/sda/yangmiansi/workspace/imx8_baseline/2.0.0/prebuilts/gcc/linux-x86/aarch64/aarch64-linux-android-4.9/bin
PATH: /mnt/sda/yangmiansi/workspace/imx8_baseline/2.0.0/prebuilts/gcc/linux-x86/arm/arm-linux-androideabi-4.9/bin
PATH: /mnt/sda/yangmiansi/workspace/imx8_baseline/2.0.0/development/scripts
PATH: /mnt/sda/yangmiansi/workspace/imx8_baseline/2.0.0/prebuilts/devtools/tools
PATH: /mnt/sda/yangmiansi/workspace/imx8_baseline/2.0.0/external/selinux/prebuilts/bin
PATH: /mnt/sda/yangmiansi/workspace/imx8_baseline/2.0.0/prebuilts/misc/linux-x86/dtc
PATH: /mnt/sda/yangmiansi/workspace/imx8_baseline/2.0.0/prebuilts/misc/linux-x86/libufdt
PATH: /mnt/sda/yangmiansi/workspace/imx8_baseline/2.0.0/prebuilts/android-emulator/linux-x86_64
PATH: /usr/local/sbin
PATH: /usr/local/bin
PATH: /usr/sbin
PATH: /usr/bin
PATH: /sbin
PATH: /bin
PATH: /usr/games
PATH: /usr/local/games
PATH: /usr/local/git/bin
PATH: /usr/local/git/libexec/git-core
PATH: /workspace/kwe1901/out/host/linux-x86/bin
PATH: /home/yangmiansi/workspace/boot_time/apache-ant-1.9.14/bin
PATH: /home/yangmiansi/sysstat/arm-2009q1/bin


## ----------- ##
## Core tests. ##
## ----------- ##

configure:2344: checking build system type
configure:2358: result: x86_64-unknown-linux-gnu
configure:2378: checking host system type
configure:2391: result: arm-unknown-linux-androideabi
configure:2411: checking target system type
configure:2424: result: arm-unknown-linux-androideabi
configure:2467: checking for a BSD-compatible install
configure:2535: result: /usr/bin/install -c
configure:2546: checking whether build environment is sane
configure:2601: result: yes
configure:2660: checking for arm-linux-androideabi-strip
configure:2676: found /mnt/sda/yangmiansi/workspace/imx8_baseline/2.0.0/prebuilts/gcc/linux-x86/arm/arm-linux-androideabi-4.9/bin/arm-linux-androideabi-strip
configure:2687: result: arm-linux-androideabi-strip
configure:2752: checking for a thread-safe mkdir -p
configure:2791: result: /bin/mkdir -p
configure:2798: checking for gawk
configure:2828: result: no
configure:2798: checking for mawk
configure:2814: found /usr/bin/mawk
configure:2825: result: mawk
configure:2836: checking whether make sets $(MAKE)
configure:2858: result: yes
configure:2887: checking whether make supports nested variables
configure:2904: result: yes
configure:3040: checking for arm-linux-androideabi-gcc
configure:3067: result: /home/yangmiansi/sysstat/android-ndk-r15c/tmp/compile-tools/bin/aarch64-linux-android-gcc
configure:3336: checking for C compiler version
configure:3345: /home/yangmiansi/sysstat/android-ndk-r15c/tmp/compile-tools/bin/aarch64-linux-android-gcc --version >&5
aarch64-linux-android-gcc (GCC) 4.9.x 20150123 (prerelease)
Copyright (C) 2014 Free Software Foundation, Inc.
This is free software; see the source for copying conditions.  There is NO
warranty; not even for MERCHANTABILITY or FITNESS FOR A PARTICULAR PURPOSE.

configure:3356: $? = 0
configure:3345: /home/yangmiansi/sysstat/android-ndk-r15c/tmp/compile-tools/bin/aarch64-linux-android-gcc -v >&5
Using built-in specs.
COLLECT_GCC=/home/yangmiansi/sysstat/android-ndk-r15c/tmp/compile-tools/bin/aarch64-linux-android-gcc
COLLECT_LTO_WRAPPER=/mnt/sda/yangmiansi/sysstat/android-ndk-r15c/tmp/compile-tools/bin/../libexec/gcc/aarch64-linux-android/4.9.x/lto-wrapper
Target: aarch64-linux-android
Configured with: /usr/local/google/buildbot/src/android/gcc/toolchain/build/../gcc/gcc-4.9/configure --prefix=/tmp/8ee0b8157b3409c4b84fff35696d6c90 --target=aarch64-linux-android --host=x86_64-linux-gnu --build=x86_64-linux-gnu --with-gnu-as --with-gnu-ld --enable-languages=c,c++ --with-gmp=/buildbot/tmp/build/toolchain/temp-install --with-mpfr=/buildbot/tmp/build/toolchain/temp-install --with-mpc=/buildbot/tmp/build/toolchain/temp-install --with-cloog=/buildbot/tmp/build/toolchain/temp-install --with-isl=/buildbot/tmp/build/toolchain/temp-install --with-ppl=/buildbot/tmp/build/toolchain/temp-install --disable-ppl-version-check --disable-cloog-version-check --disable-isl-version-check --enable-cloog-backend=isl --with-host-libstdcxx='-static-libgcc -Wl,-Bstatic,-lstdc++,-Bdynamic -lm' --disable-libssp --enable-threads --disable-nls --disable-libmudflap --disable-libgomp --disable-libstdc__-v3 --disable-sjlj-exceptions --disable-shared --disable-tls --disable-libitm --enable-bionic-libs --enable-libatomic-ifuncs=no --enable-initfini-array --disable-nls --prefix=/tmp/8ee0b8157b3409c4b84fff35696d6c90 --with-sysroot=/tmp/8ee0b8157b3409c4b84fff35696d6c90/sysroot --with-binutils-version=2.25 --with-mpfr-version=3.1.1 --with-mpc-version=1.0.1 --with-gmp-version=5.0.5 --with-gcc-version=4.9 --with-gdb-version=none --with-gxx-include-dir=/tmp/8ee0b8157b3409c4b84fff35696d6c90/include/c++/4.9.x --with-bugurl=http://source.android.com/source/report-bugs.html --enable-languages=c,c++ --disable-bootstrap --enable-plugins --enable-libgomp --enable-gnu-indirect-function --disable-libsanitizer --enable-gold --enable-ld=default --enable-threads --enable-eh-frame-hdr-for-static --enable-fix-cortex-a53-835769 --enable-graphite=yes --with-isl-version=0.11.1 --with-cloog-version=0.18.0 --program-transform-name='s&^&aarch64-linux-android-&' --enable-gold
Thread model: posix
gcc version 4.9.x 20150123 (prerelease) (GCC) 
configure:3356: $? = 0
configure:3345: /home/yangmiansi/sysstat/android-ndk-r15c/tmp/compile-tools/bin/aarch64-linux-android-gcc -V >&5
aarch64-linux-android-gcc: error: unrecognized command line option '-V'
aarch64-linux-android-gcc: fatal error: no input files
compilation terminated.
configure:3356: $? = 1
configure:3345: /home/yangmiansi/sysstat/android-ndk-r15c/tmp/compile-tools/bin/aarch64-linux-android-gcc -qversion >&5
aarch64-linux-android-gcc: error: unrecognized command line option '-qversion'
aarch64-linux-android-gcc: fatal error: no input files
compilation terminated.
configure:3356: $? = 1
configure:3376: checking whether the C compiler works
configure:3398: /home/yangmiansi/sysstat/android-ndk-r15c/tmp/compile-tools/bin/aarch64-linux-android-gcc -I/home/yangmiansi/htop/ncurses-6.0/_install/include -I/home/yangmiansi/htop/ncurses-6.0/_install/include/ncurses -I/home/yangmiansi/sysstat/android-ndk-r15c/sources/android/support/include -pie -fPIE  -L/home/yangmiansi/htop/ncurses-6.0/_install/lib -pie -fPIE conftest.c  >&5
configure:3402: $? = 0
configure:3450: result: yes
configure:3453: checking for C compiler default output file name
configure:3455: result: a.out
configure:3461: checking for suffix of executables
configure:3468: /home/yangmiansi/sysstat/android-ndk-r15c/tmp/compile-tools/bin/aarch64-linux-android-gcc -o conftest -I/home/yangmiansi/htop/ncurses-6.0/_install/include -I/home/yangmiansi/htop/ncurses-6.0/_install/include/ncurses -I/home/yangmiansi/sysstat/android-ndk-r15c/sources/android/support/include -pie -fPIE  -L/home/yangmiansi/htop/ncurses-6.0/_install/lib -pie -fPIE conftest.c  >&5
configure:3472: $? = 0
configure:3494: result: 
configure:3516: checking whether we are cross compiling
configure:3524: /home/yangmiansi/sysstat/android-ndk-r15c/tmp/compile-tools/bin/aarch64-linux-android-gcc -o conftest -I/home/yangmiansi/htop/ncurses-6.0/_install/include -I/home/yangmiansi/htop/ncurses-6.0/_install/include/ncurses -I/home/yangmiansi/sysstat/android-ndk-r15c/sources/android/support/include -pie -fPIE  -L/home/yangmiansi/htop/ncurses-6.0/_install/lib -pie -fPIE conftest.c  >&5
configure:3528: $? = 0
configure:3535: ./conftest
./configure: line 3537: ./conftest: cannot execute binary file: Exec format error
configure:3539: $? = 126
configure:3554: result: yes
configure:3559: checking for suffix of object files
configure:3581: /home/yangmiansi/sysstat/android-ndk-r15c/tmp/compile-tools/bin/aarch64-linux-android-gcc -c -I/home/yangmiansi/htop/ncurses-6.0/_install/include -I/home/yangmiansi/htop/ncurses-6.0/_install/include/ncurses -I/home/yangmiansi/sysstat/android-ndk-r15c/sources/android/support/include -pie -fPIE  conftest.c >&5
configure:3585: $? = 0
configure:3606: result: o
configure:3610: checking whether we are using the GNU C compiler
configure:3629: /home/yangmiansi/sysstat/android-ndk-r15c/tmp/compile-tools/bin/aarch64-linux-android-gcc -c -I/home/yangmiansi/htop/ncurses-6.0/_install/include -I/home/yangmiansi/htop/ncurses-6.0/_install/include/ncurses -I/home/yangmiansi/sysstat/android-ndk-r15c/sources/android/support/include -pie -fPIE  conftest.c >&5
configure:3629: $? = 0
configure:3638: result: yes
configure:3647: checking whether /home/yangmiansi/sysstat/android-ndk-r15c/tmp/compile-tools/bin/aarch64-linux-android-gcc accepts -g
configure:3667: /home/yangmiansi/sysstat/android-ndk-r15c/tmp/compile-tools/bin/aarch64-linux-android-gcc -c -g  conftest.c >&5
configure:3667: $? = 0
configure:3708: result: yes
configure:3725: checking for /home/yangmiansi/sysstat/android-ndk-r15c/tmp/compile-tools/bin/aarch64-linux-android-gcc option to accept ISO C89
configure:3788: /home/yangmiansi/sysstat/android-ndk-r15c/tmp/compile-tools/bin/aarch64-linux-android-gcc  -c -I/home/yangmiansi/htop/ncurses-6.0/_install/include -I/home/yangmiansi/htop/ncurses-6.0/_install/include/ncurses -I/home/yangmiansi/sysstat/android-ndk-r15c/sources/android/support/include -pie -fPIE  conftest.c >&5
configure:3788: $? = 0
configure:3801: result: none needed
configure:3826: checking whether /home/yangmiansi/sysstat/android-ndk-r15c/tmp/compile-tools/bin/aarch64-linux-android-gcc understands -c and -o together
configure:3848: /home/yangmiansi/sysstat/android-ndk-r15c/tmp/compile-tools/bin/aarch64-linux-android-gcc -c conftest.c -o conftest2.o
configure:3851: $? = 0
configure:3848: /home/yangmiansi/sysstat/android-ndk-r15c/tmp/compile-tools/bin/aarch64-linux-android-gcc -c conftest.c -o conftest2.o
configure:3851: $? = 0
configure:3863: result: yes
configure:3891: checking for style of include used by make
configure:3919: result: GNU
configure:3945: checking dependency style of /home/yangmiansi/sysstat/android-ndk-r15c/tmp/compile-tools/bin/aarch64-linux-android-gcc
configure:4056: result: gcc3
configure:4080: checking how to run the C preprocessor
configure:4111: /home/yangmiansi/sysstat/android-ndk-r15c/tmp/compile-tools/bin/aarch64-linux-android-gcc -E  conftest.c
configure:4111: $? = 0
configure:4125: /home/yangmiansi/sysstat/android-ndk-r15c/tmp/compile-tools/bin/aarch64-linux-android-gcc -E  conftest.c
conftest.c:11:28: fatal error: ac_nonexistent.h: No such file or directory
 #include <ac_nonexistent.h>
                            ^
compilation terminated.
configure:4125: $? = 1
configure: failed program was:
| /* confdefs.h */
| #define PACKAGE_NAME "htop"
| #define PACKAGE_TARNAME "htop"
| #define PACKAGE_VERSION "2.0.2"
| #define PACKAGE_STRING "htop 2.0.2"
| #define PACKAGE_BUGREPORT "hisham@gobolinux.org"
| #define PACKAGE_URL ""
| #define PACKAGE "htop"
| #define VERSION "2.0.2"
| /* end confdefs.h.  */
| #include <ac_nonexistent.h>
configure:4150: result: /home/yangmiansi/sysstat/android-ndk-r15c/tmp/compile-tools/bin/aarch64-linux-android-gcc -E
configure:4170: /home/yangmiansi/sysstat/android-ndk-r15c/tmp/compile-tools/bin/aarch64-linux-android-gcc -E  conftest.c
configure:4170: $? = 0
configure:4184: /home/yangmiansi/sysstat/android-ndk-r15c/tmp/compile-tools/bin/aarch64-linux-android-gcc -E  conftest.c
conftest.c:11:28: fatal error: ac_nonexistent.h: No such file or directory
 #include <ac_nonexistent.h>
                            ^
compilation terminated.
configure:4184: $? = 1
configure: failed program was:
| /* confdefs.h */
| #define PACKAGE_NAME "htop"
| #define PACKAGE_TARNAME "htop"
| #define PACKAGE_VERSION "2.0.2"
| #define PACKAGE_STRING "htop 2.0.2"
| #define PACKAGE_BUGREPORT "hisham@gobolinux.org"
| #define PACKAGE_URL ""
| #define PACKAGE "htop"
| #define VERSION "2.0.2"
| /* end confdefs.h.  */
| #include <ac_nonexistent.h>
configure:4213: checking for grep that handles long lines and -e
configure:4271: result: /bin/grep
configure:4276: checking for egrep
configure:4338: result: /bin/grep -E
configure:4343: checking for ANSI C header files
configure:4363: /home/yangmiansi/sysstat/android-ndk-r15c/tmp/compile-tools/bin/aarch64-linux-android-gcc -c -I/home/yangmiansi/htop/ncurses-6.0/_install/include -I/home/yangmiansi/htop/ncurses-6.0/_install/include/ncurses -I/home/yangmiansi/sysstat/android-ndk-r15c/sources/android/support/include -pie -fPIE  conftest.c >&5
configure:4363: $? = 0
configure:4447: result: yes
configure:4460: checking for sys/types.h
configure:4460: /home/yangmiansi/sysstat/android-ndk-r15c/tmp/compile-tools/bin/aarch64-linux-android-gcc -c -I/home/yangmiansi/htop/ncurses-6.0/_install/include -I/home/yangmiansi/htop/ncurses-6.0/_install/include/ncurses -I/home/yangmiansi/sysstat/android-ndk-r15c/sources/android/support/include -pie -fPIE  conftest.c >&5
configure:4460: $? = 0
configure:4460: result: yes
configure:4460: checking for sys/stat.h
configure:4460: /home/yangmiansi/sysstat/android-ndk-r15c/tmp/compile-tools/bin/aarch64-linux-android-gcc -c -I/home/yangmiansi/htop/ncurses-6.0/_install/include -I/home/yangmiansi/htop/ncurses-6.0/_install/include/ncurses -I/home/yangmiansi/sysstat/android-ndk-r15c/sources/android/support/include -pie -fPIE  conftest.c >&5
configure:4460: $? = 0
configure:4460: result: yes
configure:4460: checking for stdlib.h
configure:4460: /home/yangmiansi/sysstat/android-ndk-r15c/tmp/compile-tools/bin/aarch64-linux-android-gcc -c -I/home/yangmiansi/htop/ncurses-6.0/_install/include -I/home/yangmiansi/htop/ncurses-6.0/_install/include/ncurses -I/home/yangmiansi/sysstat/android-ndk-r15c/sources/android/support/include -pie -fPIE  conftest.c >&5
configure:4460: $? = 0
configure:4460: result: yes
configure:4460: checking for string.h
configure:4460: /home/yangmiansi/sysstat/android-ndk-r15c/tmp/compile-tools/bin/aarch64-linux-android-gcc -c -I/home/yangmiansi/htop/ncurses-6.0/_install/include -I/home/yangmiansi/htop/ncurses-6.0/_install/include/ncurses -I/home/yangmiansi/sysstat/android-ndk-r15c/sources/android/support/include -pie -fPIE  conftest.c >&5
configure:4460: $? = 0
configure:4460: result: yes
configure:4460: checking for memory.h
configure:4460: /home/yangmiansi/sysstat/android-ndk-r15c/tmp/compile-tools/bin/aarch64-linux-android-gcc -c -I/home/yangmiansi/htop/ncurses-6.0/_install/include -I/home/yangmiansi/htop/ncurses-6.0/_install/include/ncurses -I/home/yangmiansi/sysstat/android-ndk-r15c/sources/android/support/include -pie -fPIE  conftest.c >&5
configure:4460: $? = 0
configure:4460: result: yes
configure:4460: checking for strings.h
configure:4460: /home/yangmiansi/sysstat/android-ndk-r15c/tmp/compile-tools/bin/aarch64-linux-android-gcc -c -I/home/yangmiansi/htop/ncurses-6.0/_install/include -I/home/yangmiansi/htop/ncurses-6.0/_install/include/ncurses -I/home/yangmiansi/sysstat/android-ndk-r15c/sources/android/support/include -pie -fPIE  conftest.c >&5
configure:4460: $? = 0
configure:4460: result: yes
configure:4460: checking for inttypes.h
configure:4460: /home/yangmiansi/sysstat/android-ndk-r15c/tmp/compile-tools/bin/aarch64-linux-android-gcc -c -I/home/yangmiansi/htop/ncurses-6.0/_install/include -I/home/yangmiansi/htop/ncurses-6.0/_install/include/ncurses -I/home/yangmiansi/sysstat/android-ndk-r15c/sources/android/support/include -pie -fPIE  conftest.c >&5
configure:4460: $? = 0
configure:4460: result: yes
configure:4460: checking for stdint.h
configure:4460: /home/yangmiansi/sysstat/android-ndk-r15c/tmp/compile-tools/bin/aarch64-linux-android-gcc -c -I/home/yangmiansi/htop/ncurses-6.0/_install/include -I/home/yangmiansi/htop/ncurses-6.0/_install/include/ncurses -I/home/yangmiansi/sysstat/android-ndk-r15c/sources/android/support/include -pie -fPIE  conftest.c >&5
configure:4460: $? = 0
configure:4460: result: yes
configure:4460: checking for unistd.h
configure:4460: /home/yangmiansi/sysstat/android-ndk-r15c/tmp/compile-tools/bin/aarch64-linux-android-gcc -c -I/home/yangmiansi/htop/ncurses-6.0/_install/include -I/home/yangmiansi/htop/ncurses-6.0/_install/include/ncurses -I/home/yangmiansi/sysstat/android-ndk-r15c/sources/android/support/include -pie -fPIE  conftest.c >&5
configure:4460: $? = 0
configure:4460: result: yes
configure:4473: checking minix/config.h usability
configure:4473: /home/yangmiansi/sysstat/android-ndk-r15c/tmp/compile-tools/bin/aarch64-linux-android-gcc -c -I/home/yangmiansi/htop/ncurses-6.0/_install/include -I/home/yangmiansi/htop/ncurses-6.0/_install/include/ncurses -I/home/yangmiansi/sysstat/android-ndk-r15c/sources/android/support/include -pie -fPIE  conftest.c >&5
conftest.c:54:26: fatal error: minix/config.h: No such file or directory
 #include <minix/config.h>
                          ^
compilation terminated.
configure:4473: $? = 1
configure: failed program was:
| /* confdefs.h */
| #define PACKAGE_NAME "htop"
| #define PACKAGE_TARNAME "htop"
| #define PACKAGE_VERSION "2.0.2"
| #define PACKAGE_STRING "htop 2.0.2"
| #define PACKAGE_BUGREPORT "hisham@gobolinux.org"
| #define PACKAGE_URL ""
| #define PACKAGE "htop"
| #define VERSION "2.0.2"
| #define STDC_HEADERS 1
| #define HAVE_SYS_TYPES_H 1
| #define HAVE_SYS_STAT_H 1
| #define HAVE_STDLIB_H 1
| #define HAVE_STRING_H 1
| #define HAVE_MEMORY_H 1
| #define HAVE_STRINGS_H 1
| #define HAVE_INTTYPES_H 1
| #define HAVE_STDINT_H 1
| #define HAVE_UNISTD_H 1
| /* end confdefs.h.  */
| #include <stdio.h>
| #ifdef HAVE_SYS_TYPES_H
| # include <sys/types.h>
| #endif
| #ifdef HAVE_SYS_STAT_H
| # include <sys/stat.h>
| #endif
| #ifdef STDC_HEADERS
| # include <stdlib.h>
| # include <stddef.h>
| #else
| # ifdef HAVE_STDLIB_H
| #  include <stdlib.h>
| # endif
| #endif
| #ifdef HAVE_STRING_H
| # if !defined STDC_HEADERS && defined HAVE_MEMORY_H
| #  include <memory.h>
| # endif
| # include <string.h>
| #endif
| #ifdef HAVE_STRINGS_H
| # include <strings.h>
| #endif
| #ifdef HAVE_INTTYPES_H
| # include <inttypes.h>
| #endif
| #ifdef HAVE_STDINT_H
| # include <stdint.h>
| #endif
| #ifdef HAVE_UNISTD_H
| # include <unistd.h>
| #endif
| #include <minix/config.h>
configure:4473: result: no
configure:4473: checking minix/config.h presence
configure:4473: /home/yangmiansi/sysstat/android-ndk-r15c/tmp/compile-tools/bin/aarch64-linux-android-gcc -E  conftest.c
conftest.c:21:26: fatal error: minix/config.h: No such file or directory
 #include <minix/config.h>
                          ^
compilation terminated.
configure:4473: $? = 1
configure: failed program was:
| /* confdefs.h */
| #define PACKAGE_NAME "htop"
| #define PACKAGE_TARNAME "htop"
| #define PACKAGE_VERSION "2.0.2"
| #define PACKAGE_STRING "htop 2.0.2"
| #define PACKAGE_BUGREPORT "hisham@gobolinux.org"
| #define PACKAGE_URL ""
| #define PACKAGE "htop"
| #define VERSION "2.0.2"
| #define STDC_HEADERS 1
| #define HAVE_SYS_TYPES_H 1
| #define HAVE_SYS_STAT_H 1
| #define HAVE_STDLIB_H 1
| #define HAVE_STRING_H 1
| #define HAVE_MEMORY_H 1
| #define HAVE_STRINGS_H 1
| #define HAVE_INTTYPES_H 1
| #define HAVE_STDINT_H 1
| #define HAVE_UNISTD_H 1
| /* end confdefs.h.  */
| #include <minix/config.h>
configure:4473: result: no
configure:4473: checking for minix/config.h
configure:4473: result: no
configure:4494: checking whether it is safe to define __EXTENSIONS__
configure:4512: /home/yangmiansi/sysstat/android-ndk-r15c/tmp/compile-tools/bin/aarch64-linux-android-gcc -c -I/home/yangmiansi/htop/ncurses-6.0/_install/include -I/home/yangmiansi/htop/ncurses-6.0/_install/include/ncurses -I/home/yangmiansi/sysstat/android-ndk-r15c/sources/android/support/include -pie -fPIE  conftest.c >&5
configure:4512: $? = 0
configure:4519: result: yes
configure:4580: checking how to print strings
configure:4607: result: printf
configure:4628: checking for a sed that does not truncate output
configure:4692: result: /bin/sed
configure:4710: checking for fgrep
configure:4772: result: /bin/grep -F
configure:4807: checking for ld used by /home/yangmiansi/sysstat/android-ndk-r15c/tmp/compile-tools/bin/aarch64-linux-android-gcc
configure:4874: result: /mnt/sda/yangmiansi/sysstat/android-ndk-r15c/tmp/compile-tools/aarch64-linux-android/bin/ld
configure:4881: checking if the linker (/mnt/sda/yangmiansi/sysstat/android-ndk-r15c/tmp/compile-tools/aarch64-linux-android/bin/ld) is GNU ld
configure:4896: result: yes
configure:4908: checking for BSD- or MS-compatible name lister (nm)
configure:4957: result: /mnt/sda/yangmiansi/workspace/imx8_baseline/2.0.0/prebuilts/gcc/linux-x86/arm/arm-linux-androideabi-4.9/bin/arm-linux-androideabi-nm -B
configure:5087: checking the name lister (/mnt/sda/yangmiansi/workspace/imx8_baseline/2.0.0/prebuilts/gcc/linux-x86/arm/arm-linux-androideabi-4.9/bin/arm-linux-androideabi-nm -B) interface
configure:5094: /home/yangmiansi/sysstat/android-ndk-r15c/tmp/compile-tools/bin/aarch64-linux-android-gcc -c -I/home/yangmiansi/htop/ncurses-6.0/_install/include -I/home/yangmiansi/htop/ncurses-6.0/_install/include/ncurses -I/home/yangmiansi/sysstat/android-ndk-r15c/sources/android/support/include -pie -fPIE  conftest.c >&5
configure:5097: /mnt/sda/yangmiansi/workspace/imx8_baseline/2.0.0/prebuilts/gcc/linux-x86/arm/arm-linux-androideabi-4.9/bin/arm-linux-androideabi-nm -B "conftest.o"
/mnt/sda/yangmiansi/workspace/imx8_baseline/2.0.0/prebuilts/gcc/linux-x86/arm/arm-linux-androideabi-4.9/bin/arm-linux-androideabi-nm: conftest.o: File format not recognized
configure:5100: output
configure:5107: result: BSD nm
configure:5110: checking whether ln -s works
configure:5114: result: yes
configure:5122: checking the maximum length of command line arguments
configure:5252: result: 1572864
configure:5269: checking whether the shell understands some XSI constructs
configure:5279: result: yes
configure:5283: checking whether the shell understands "+="
configure:5289: result: yes
configure:5324: checking how to convert x86_64-unknown-linux-gnu file names to arm-unknown-linux-androideabi format
configure:5364: result: func_convert_file_noop
configure:5371: checking how to convert x86_64-unknown-linux-gnu file names to toolchain format
configure:5391: result: func_convert_file_noop
configure:5398: checking for /mnt/sda/yangmiansi/sysstat/android-ndk-r15c/tmp/compile-tools/aarch64-linux-android/bin/ld option to reload object files
configure:5405: result: -r
configure:5439: checking for arm-linux-androideabi-objdump
configure:5455: found /mnt/sda/yangmiansi/workspace/imx8_baseline/2.0.0/prebuilts/gcc/linux-x86/arm/arm-linux-androideabi-4.9/bin/arm-linux-androideabi-objdump
configure:5466: result: arm-linux-androideabi-objdump
configure:5538: checking how to recognize dependent libraries
configure:5740: result: pass_all
configure:5785: checking for arm-linux-androideabi-dlltool
configure:5815: result: no
configure:5825: checking for dlltool
configure:5855: result: no
configure:5885: checking how to associate runtime and link libraries
configure:5912: result: printf %s\n
configure:5928: checking for arm-linux-androideabi-ar
configure:5944: found /mnt/sda/yangmiansi/workspace/imx8_baseline/2.0.0/prebuilts/gcc/linux-x86/arm/arm-linux-androideabi-4.9/bin/arm-linux-androideabi-ar
configure:5955: result: arm-linux-androideabi-ar
configure:6036: checking for archiver @FILE support
configure:6053: /home/yangmiansi/sysstat/android-ndk-r15c/tmp/compile-tools/bin/aarch64-linux-android-gcc -c -I/home/yangmiansi/htop/ncurses-6.0/_install/include -I/home/yangmiansi/htop/ncurses-6.0/_install/include/ncurses -I/home/yangmiansi/sysstat/android-ndk-r15c/sources/android/support/include -pie -fPIE  conftest.c >&5
configure:6053: $? = 0
configure:6056: arm-linux-androideabi-ar cru libconftest.a @conftest.lst >&5
configure:6059: $? = 0
configure:6064: arm-linux-androideabi-ar cru libconftest.a @conftest.lst >&5
arm-linux-androideabi-ar: conftest.o: No such file or directory
configure:6067: $? = 1
configure:6079: result: @
configure:6097: checking for arm-linux-androideabi-strip
configure:6124: result: arm-linux-androideabi-strip
configure:6196: checking for arm-linux-androideabi-ranlib
configure:6212: found /mnt/sda/yangmiansi/workspace/imx8_baseline/2.0.0/prebuilts/gcc/linux-x86/arm/arm-linux-androideabi-4.9/bin/arm-linux-androideabi-ranlib
configure:6223: result: arm-linux-androideabi-ranlib
configure:6365: checking command to parse /mnt/sda/yangmiansi/workspace/imx8_baseline/2.0.0/prebuilts/gcc/linux-x86/arm/arm-linux-androideabi-4.9/bin/arm-linux-androideabi-nm -B output from /home/yangmiansi/sysstat/android-ndk-r15c/tmp/compile-tools/bin/aarch64-linux-android-gcc object
configure:6485: /home/yangmiansi/sysstat/android-ndk-r15c/tmp/compile-tools/bin/aarch64-linux-android-gcc -c -I/home/yangmiansi/htop/ncurses-6.0/_install/include -I/home/yangmiansi/htop/ncurses-6.0/_install/include/ncurses -I/home/yangmiansi/sysstat/android-ndk-r15c/sources/android/support/include -pie -fPIE  conftest.c >&5
configure:6488: $? = 0
configure:6492: /mnt/sda/yangmiansi/workspace/imx8_baseline/2.0.0/prebuilts/gcc/linux-x86/arm/arm-linux-androideabi-4.9/bin/arm-linux-androideabi-nm -B conftest.o \| sed -n -e 's/^.*[ ]\([ABCDGIRSTW][ABCDGIRSTW]*\)[ ][ ]*\([_A-Za-z][_A-Za-z0-9]*\)$/\1 \2 \2/p' | sed '/ __gnu_lto/d' \> conftest.nm
/mnt/sda/yangmiansi/workspace/imx8_baseline/2.0.0/prebuilts/gcc/linux-x86/arm/arm-linux-androideabi-4.9/bin/arm-linux-androideabi-nm: conftest.o: File format not recognized
configure:6495: $? = 0
cannot run sed -n -e 's/^.*[	 ]\([ABCDGIRSTW][ABCDGIRSTW]*\)[	 ][	 ]*\([_A-Za-z][_A-Za-z0-9]*\)$/\1 \2 \2/p' | sed '/ __gnu_lto/d'
configure:6485: /home/yangmiansi/sysstat/android-ndk-r15c/tmp/compile-tools/bin/aarch64-linux-android-gcc -c -I/home/yangmiansi/htop/ncurses-6.0/_install/include -I/home/yangmiansi/htop/ncurses-6.0/_install/include/ncurses -I/home/yangmiansi/sysstat/android-ndk-r15c/sources/android/support/include -pie -fPIE  conftest.c >&5
configure:6488: $? = 0
configure:6492: /mnt/sda/yangmiansi/workspace/imx8_baseline/2.0.0/prebuilts/gcc/linux-x86/arm/arm-linux-androideabi-4.9/bin/arm-linux-androideabi-nm -B conftest.o \| sed -n -e 's/^.*[ ]\([ABCDGIRSTW][ABCDGIRSTW]*\)[ ][ ]*_\([_A-Za-z][_A-Za-z0-9]*\)$/\1 _\2 \2/p' | sed '/ __gnu_lto/d' \> conftest.nm
/mnt/sda/yangmiansi/workspace/imx8_baseline/2.0.0/prebuilts/gcc/linux-x86/arm/arm-linux-androideabi-4.9/bin/arm-linux-androideabi-nm: conftest.o: File format not recognized
configure:6495: $? = 0
cannot run sed -n -e 's/^.*[	 ]\([ABCDGIRSTW][ABCDGIRSTW]*\)[	 ][	 ]*_\([_A-Za-z][_A-Za-z0-9]*\)$/\1 _\2 \2/p' | sed '/ __gnu_lto/d'
configure:6599: result: failed
configure:6639: checking for sysroot
configure:6669: result: /home/yangmiansi/sysstat/android-ndk-r15c/sysroot
configure:6885: checking for arm-linux-androideabi-mt
configure:6915: result: no
configure:6925: checking for mt
configure:6941: found /bin/mt
configure:6952: result: mt
configure:6964: WARNING: using cross tools not prefixed with host triplet
configure:6975: checking if mt is a manifest tool
configure:6981: mt '-?'
configure:6989: result: no
configure:7628: checking for dlfcn.h
configure:7628: /home/yangmiansi/sysstat/android-ndk-r15c/tmp/compile-tools/bin/aarch64-linux-android-gcc -c -I/home/yangmiansi/htop/ncurses-6.0/_install/include -I/home/yangmiansi/htop/ncurses-6.0/_install/include/ncurses -I/home/yangmiansi/sysstat/android-ndk-r15c/sources/android/support/include -pie -fPIE  conftest.c >&5
configure:7628: $? = 0
configure:7628: result: yes
configure:7832: checking for objdir
configure:7847: result: .libs
configure:8118: checking if /home/yangmiansi/sysstat/android-ndk-r15c/tmp/compile-tools/bin/aarch64-linux-android-gcc supports -fno-rtti -fno-exceptions
configure:8136: /home/yangmiansi/sysstat/android-ndk-r15c/tmp/compile-tools/bin/aarch64-linux-android-gcc -c -I/home/yangmiansi/htop/ncurses-6.0/_install/include -I/home/yangmiansi/htop/ncurses-6.0/_install/include/ncurses -I/home/yangmiansi/sysstat/android-ndk-r15c/sources/android/support/include -pie -fPIE  -fno-rtti -fno-exceptions conftest.c >&5
cc1: warning: command line option '-fno-rtti' is valid for C++/ObjC++ but not for C
configure:8140: $? = 0
configure:8153: result: no
configure:8480: checking for /home/yangmiansi/sysstat/android-ndk-r15c/tmp/compile-tools/bin/aarch64-linux-android-gcc option to produce PIC
configure:8487: result: -fPIC -DPIC
configure:8495: checking if /home/yangmiansi/sysstat/android-ndk-r15c/tmp/compile-tools/bin/aarch64-linux-android-gcc PIC flag -fPIC -DPIC works
configure:8513: /home/yangmiansi/sysstat/android-ndk-r15c/tmp/compile-tools/bin/aarch64-linux-android-gcc -c -I/home/yangmiansi/htop/ncurses-6.0/_install/include -I/home/yangmiansi/htop/ncurses-6.0/_install/include/ncurses -I/home/yangmiansi/sysstat/android-ndk-r15c/sources/android/support/include -pie -fPIE  -fPIC -DPIC -DPIC conftest.c >&5
configure:8517: $? = 0
configure:8530: result: yes
configure:8559: checking if /home/yangmiansi/sysstat/android-ndk-r15c/tmp/compile-tools/bin/aarch64-linux-android-gcc static flag -static works
configure:8587: result: yes
configure:8602: checking if /home/yangmiansi/sysstat/android-ndk-r15c/tmp/compile-tools/bin/aarch64-linux-android-gcc supports -c -o file.o
configure:8623: /home/yangmiansi/sysstat/android-ndk-r15c/tmp/compile-tools/bin/aarch64-linux-android-gcc -c -I/home/yangmiansi/htop/ncurses-6.0/_install/include -I/home/yangmiansi/htop/ncurses-6.0/_install/include/ncurses -I/home/yangmiansi/sysstat/android-ndk-r15c/sources/android/support/include -pie -fPIE  -o out/conftest2.o conftest.c >&5
configure:8627: $? = 0
configure:8649: result: yes
configure:8657: checking if /home/yangmiansi/sysstat/android-ndk-r15c/tmp/compile-tools/bin/aarch64-linux-android-gcc supports -c -o file.o
configure:8704: result: yes
configure:8737: checking whether the /home/yangmiansi/sysstat/android-ndk-r15c/tmp/compile-tools/bin/aarch64-linux-android-gcc linker (/mnt/sda/yangmiansi/sysstat/android-ndk-r15c/tmp/compile-tools/aarch64-linux-android/bin/ld) supports shared libraries
configure:9890: result: yes
configure:10130: checking dynamic linker characteristics
configure:10641: /home/yangmiansi/sysstat/android-ndk-r15c/tmp/compile-tools/bin/aarch64-linux-android-gcc -o conftest -I/home/yangmiansi/htop/ncurses-6.0/_install/include -I/home/yangmiansi/htop/ncurses-6.0/_install/include/ncurses -I/home/yangmiansi/sysstat/android-ndk-r15c/sources/android/support/include -pie -fPIE  -L/home/yangmiansi/htop/ncurses-6.0/_install/lib -pie -fPIE -Wl,-rpath -Wl,/foo conftest.c  >&5
configure:10641: $? = 0
configure:10863: result: GNU/Linux ld.so
configure:10970: checking how to hardcode library paths into programs
configure:10995: result: immediate
configure:11535: checking whether stripping libraries is possible
configure:11540: result: yes
configure:11575: checking if libtool supports shared libraries
configure:11577: result: yes
configure:11580: checking whether to build shared libraries
configure:11601: result: no
configure:11604: checking whether to build static libraries
configure:11608: result: yes
configure:11668: checking for ceil in -lm
configure:11693: /home/yangmiansi/sysstat/android-ndk-r15c/tmp/compile-tools/bin/aarch64-linux-android-gcc -o conftest -I/home/yangmiansi/htop/ncurses-6.0/_install/include -I/home/yangmiansi/htop/ncurses-6.0/_install/include/ncurses -I/home/yangmiansi/sysstat/android-ndk-r15c/sources/android/support/include -pie -fPIE  -L/home/yangmiansi/htop/ncurses-6.0/_install/lib -pie -fPIE conftest.c -lm   >&5
conftest.c:35:6: warning: conflicting types for built-in function 'ceil'
 char ceil ();
      ^
configure:11693: $? = 0
configure:11702: result: yes
configure:11721: checking for dirent.h that defines DIR
configure:11740: /home/yangmiansi/sysstat/android-ndk-r15c/tmp/compile-tools/bin/aarch64-linux-android-gcc -c -I/home/yangmiansi/htop/ncurses-6.0/_install/include -I/home/yangmiansi/htop/ncurses-6.0/_install/include/ncurses -I/home/yangmiansi/sysstat/android-ndk-r15c/sources/android/support/include -pie -fPIE  conftest.c >&5
configure:11740: $? = 0
configure:11748: result: yes
configure:11761: checking for library containing opendir
configure:11792: /home/yangmiansi/sysstat/android-ndk-r15c/tmp/compile-tools/bin/aarch64-linux-android-gcc -o conftest -I/home/yangmiansi/htop/ncurses-6.0/_install/include -I/home/yangmiansi/htop/ncurses-6.0/_install/include/ncurses -I/home/yangmiansi/sysstat/android-ndk-r15c/sources/android/support/include -pie -fPIE  -L/home/yangmiansi/htop/ncurses-6.0/_install/lib -pie -fPIE conftest.c -lm  >&5
configure:11792: $? = 0
configure:11809: result: none required
configure:11876: checking for ANSI C header files
configure:11980: result: yes
configure:11991: checking for stdlib.h
configure:11991: result: yes
configure:11991: checking for string.h
configure:11991: result: yes
configure:11991: checking for strings.h
configure:11991: result: yes
configure:11991: checking sys/param.h usability
configure:11991: /home/yangmiansi/sysstat/android-ndk-r15c/tmp/compile-tools/bin/aarch64-linux-android-gcc -c -I/home/yangmiansi/htop/ncurses-6.0/_install/include -I/home/yangmiansi/htop/ncurses-6.0/_install/include/ncurses -I/home/yangmiansi/sysstat/android-ndk-r15c/sources/android/support/include -pie -fPIE  conftest.c >&5
configure:11991: $? = 0
configure:11991: result: yes
configure:11991: checking sys/param.h presence
configure:11991: /home/yangmiansi/sysstat/android-ndk-r15c/tmp/compile-tools/bin/aarch64-linux-android-gcc -E  conftest.c
configure:11991: $? = 0
configure:11991: result: yes
configure:11991: checking for sys/param.h
configure:11991: result: yes
configure:11991: checking sys/time.h usability
configure:11991: /home/yangmiansi/sysstat/android-ndk-r15c/tmp/compile-tools/bin/aarch64-linux-android-gcc -c -I/home/yangmiansi/htop/ncurses-6.0/_install/include -I/home/yangmiansi/htop/ncurses-6.0/_install/include/ncurses -I/home/yangmiansi/sysstat/android-ndk-r15c/sources/android/support/include -pie -fPIE  conftest.c >&5
configure:11991: $? = 0
configure:11991: result: yes
configure:11991: checking sys/time.h presence
configure:11991: /home/yangmiansi/sysstat/android-ndk-r15c/tmp/compile-tools/bin/aarch64-linux-android-gcc -E  conftest.c
configure:11991: $? = 0
configure:11991: result: yes
configure:11991: checking for sys/time.h
configure:11991: result: yes
configure:11991: checking for unistd.h
configure:11991: result: yes
configure:12007: checking execinfo.h usability
configure:12007: /home/yangmiansi/sysstat/android-ndk-r15c/tmp/compile-tools/bin/aarch64-linux-android-gcc -c -I/home/yangmiansi/htop/ncurses-6.0/_install/include -I/home/yangmiansi/htop/ncurses-6.0/_install/include/ncurses -I/home/yangmiansi/sysstat/android-ndk-r15c/sources/android/support/include -pie -fPIE  conftest.c >&5
conftest.c:70:22: fatal error: execinfo.h: No such file or directory
 #include <execinfo.h>
                      ^
compilation terminated.
configure:12007: $? = 1
configure: failed program was:
| /* confdefs.h */
| #define PACKAGE_NAME "htop"
| #define PACKAGE_TARNAME "htop"
| #define PACKAGE_VERSION "2.0.2"
| #define PACKAGE_STRING "htop 2.0.2"
| #define PACKAGE_BUGREPORT "hisham@gobolinux.org"
| #define PACKAGE_URL ""
| #define PACKAGE "htop"
| #define VERSION "2.0.2"
| #define STDC_HEADERS 1
| #define HAVE_SYS_TYPES_H 1
| #define HAVE_SYS_STAT_H 1
| #define HAVE_STDLIB_H 1
| #define HAVE_STRING_H 1
| #define HAVE_MEMORY_H 1
| #define HAVE_STRINGS_H 1
| #define HAVE_INTTYPES_H 1
| #define HAVE_STDINT_H 1
| #define HAVE_UNISTD_H 1
| #define __EXTENSIONS__ 1
| #define _ALL_SOURCE 1
| #define _GNU_SOURCE 1
| #define _POSIX_PTHREAD_SEMANTICS 1
| #define _TANDEM_SOURCE 1
| #define HAVE_DLFCN_H 1
| #define LT_OBJDIR ".libs/"
| #define HAVE_LIBM 1
| #define HAVE_DIRENT_H 1
| #define STDC_HEADERS 1
| #define HAVE_STDLIB_H 1
| #define HAVE_STRING_H 1
| #define HAVE_STRINGS_H 1
| #define HAVE_SYS_PARAM_H 1
| #define HAVE_SYS_TIME_H 1
| #define HAVE_UNISTD_H 1
| /* end confdefs.h.  */
| #include <stdio.h>
| #ifdef HAVE_SYS_TYPES_H
| # include <sys/types.h>
| #endif
| #ifdef HAVE_SYS_STAT_H
| # include <sys/stat.h>
| #endif
| #ifdef STDC_HEADERS
| # include <stdlib.h>
| # include <stddef.h>
| #else
| # ifdef HAVE_STDLIB_H
| #  include <stdlib.h>
| # endif
| #endif
| #ifdef HAVE_STRING_H
| # if !defined STDC_HEADERS && defined HAVE_MEMORY_H
| #  include <memory.h>
| # endif
| # include <string.h>
| #endif
| #ifdef HAVE_STRINGS_H
| # include <strings.h>
| #endif
| #ifdef HAVE_INTTYPES_H
| # include <inttypes.h>
| #endif
| #ifdef HAVE_STDINT_H
| # include <stdint.h>
| #endif
| #ifdef HAVE_UNISTD_H
| # include <unistd.h>
| #endif
| #include <execinfo.h>
configure:12007: result: no
configure:12007: checking execinfo.h presence
configure:12007: /home/yangmiansi/sysstat/android-ndk-r15c/tmp/compile-tools/bin/aarch64-linux-android-gcc -E  conftest.c
conftest.c:37:22: fatal error: execinfo.h: No such file or directory
 #include <execinfo.h>
                      ^
compilation terminated.
configure:12007: $? = 1
configure: failed program was:
| /* confdefs.h */
| #define PACKAGE_NAME "htop"
| #define PACKAGE_TARNAME "htop"
| #define PACKAGE_VERSION "2.0.2"
| #define PACKAGE_STRING "htop 2.0.2"
| #define PACKAGE_BUGREPORT "hisham@gobolinux.org"
| #define PACKAGE_URL ""
| #define PACKAGE "htop"
| #define VERSION "2.0.2"
| #define STDC_HEADERS 1
| #define HAVE_SYS_TYPES_H 1
| #define HAVE_SYS_STAT_H 1
| #define HAVE_STDLIB_H 1
| #define HAVE_STRING_H 1
| #define HAVE_MEMORY_H 1
| #define HAVE_STRINGS_H 1
| #define HAVE_INTTYPES_H 1
| #define HAVE_STDINT_H 1
| #define HAVE_UNISTD_H 1
| #define __EXTENSIONS__ 1
| #define _ALL_SOURCE 1
| #define _GNU_SOURCE 1
| #define _POSIX_PTHREAD_SEMANTICS 1
| #define _TANDEM_SOURCE 1
| #define HAVE_DLFCN_H 1
| #define LT_OBJDIR ".libs/"
| #define HAVE_LIBM 1
| #define HAVE_DIRENT_H 1
| #define STDC_HEADERS 1
| #define HAVE_STDLIB_H 1
| #define HAVE_STRING_H 1
| #define HAVE_STRINGS_H 1
| #define HAVE_SYS_PARAM_H 1
| #define HAVE_SYS_TIME_H 1
| #define HAVE_UNISTD_H 1
| /* end confdefs.h.  */
| #include <execinfo.h>
configure:12007: result: no
configure:12007: checking for execinfo.h
configure:12007: result: no
configure:12022: checking for stdbool.h that conforms to C99
configure:12089: /home/yangmiansi/sysstat/android-ndk-r15c/tmp/compile-tools/bin/aarch64-linux-android-gcc -c -I/home/yangmiansi/htop/ncurses-6.0/_install/include -I/home/yangmiansi/htop/ncurses-6.0/_install/include/ncurses -I/home/yangmiansi/sysstat/android-ndk-r15c/sources/android/support/include -pie -fPIE  conftest.c >&5
configure:12089: $? = 0
configure:12096: result: yes
configure:12098: checking for _Bool
configure:12098: /home/yangmiansi/sysstat/android-ndk-r15c/tmp/compile-tools/bin/aarch64-linux-android-gcc -c -I/home/yangmiansi/htop/ncurses-6.0/_install/include -I/home/yangmiansi/htop/ncurses-6.0/_install/include/ncurses -I/home/yangmiansi/sysstat/android-ndk-r15c/sources/android/support/include -pie -fPIE  conftest.c >&5
configure:12098: $? = 0
configure:12098: /home/yangmiansi/sysstat/android-ndk-r15c/tmp/compile-tools/bin/aarch64-linux-android-gcc -c -I/home/yangmiansi/htop/ncurses-6.0/_install/include -I/home/yangmiansi/htop/ncurses-6.0/_install/include/ncurses -I/home/yangmiansi/sysstat/android-ndk-r15c/sources/android/support/include -pie -fPIE  conftest.c >&5
conftest.c: In function 'main':
conftest.c:73:20: error: expected expression before ')' token
 if (sizeof ((_Bool)))
                    ^
configure:12098: $? = 1
configure: failed program was:
| /* confdefs.h */
| #define PACKAGE_NAME "htop"
| #define PACKAGE_TARNAME "htop"
| #define PACKAGE_VERSION "2.0.2"
| #define PACKAGE_STRING "htop 2.0.2"
| #define PACKAGE_BUGREPORT "hisham@gobolinux.org"
| #define PACKAGE_URL ""
| #define PACKAGE "htop"
| #define VERSION "2.0.2"
| #define STDC_HEADERS 1
| #define HAVE_SYS_TYPES_H 1
| #define HAVE_SYS_STAT_H 1
| #define HAVE_STDLIB_H 1
| #define HAVE_STRING_H 1
| #define HAVE_MEMORY_H 1
| #define HAVE_STRINGS_H 1
| #define HAVE_INTTYPES_H 1
| #define HAVE_STDINT_H 1
| #define HAVE_UNISTD_H 1
| #define __EXTENSIONS__ 1
| #define _ALL_SOURCE 1
| #define _GNU_SOURCE 1
| #define _POSIX_PTHREAD_SEMANTICS 1
| #define _TANDEM_SOURCE 1
| #define HAVE_DLFCN_H 1
| #define LT_OBJDIR ".libs/"
| #define HAVE_LIBM 1
| #define HAVE_DIRENT_H 1
| #define STDC_HEADERS 1
| #define HAVE_STDLIB_H 1
| #define HAVE_STRING_H 1
| #define HAVE_STRINGS_H 1
| #define HAVE_SYS_PARAM_H 1
| #define HAVE_SYS_TIME_H 1
| #define HAVE_UNISTD_H 1
| /* end confdefs.h.  */
| #include <stdio.h>
| #ifdef HAVE_SYS_TYPES_H
| # include <sys/types.h>
| #endif
| #ifdef HAVE_SYS_STAT_H
| # include <sys/stat.h>
| #endif
| #ifdef STDC_HEADERS
| # include <stdlib.h>
| # include <stddef.h>
| #else
| # ifdef HAVE_STDLIB_H
| #  include <stdlib.h>
| # endif
| #endif
| #ifdef HAVE_STRING_H
| # if !defined STDC_HEADERS && defined HAVE_MEMORY_H
| #  include <memory.h>
| # endif
| # include <string.h>
| #endif
| #ifdef HAVE_STRINGS_H
| # include <strings.h>
| #endif
| #ifdef HAVE_INTTYPES_H
| # include <inttypes.h>
| #endif
| #ifdef HAVE_STDINT_H
| # include <stdint.h>
| #endif
| #ifdef HAVE_UNISTD_H
| # include <unistd.h>
| #endif
| int
| main ()
| {
| if (sizeof ((_Bool)))
| 	    return 0;
|   ;
|   return 0;
| }
configure:12098: result: yes
configure:12115: checking for an ANSI C-conforming const
configure:12181: /home/yangmiansi/sysstat/android-ndk-r15c/tmp/compile-tools/bin/aarch64-linux-android-gcc -c -I/home/yangmiansi/htop/ncurses-6.0/_install/include -I/home/yangmiansi/htop/ncurses-6.0/_install/include/ncurses -I/home/yangmiansi/sysstat/android-ndk-r15c/sources/android/support/include -pie -fPIE  conftest.c >&5
configure:12181: $? = 0
configure:12188: result: yes
configure:12196: checking for pid_t
configure:12196: /home/yangmiansi/sysstat/android-ndk-r15c/tmp/compile-tools/bin/aarch64-linux-android-gcc -c -I/home/yangmiansi/htop/ncurses-6.0/_install/include -I/home/yangmiansi/htop/ncurses-6.0/_install/include/ncurses -I/home/yangmiansi/sysstat/android-ndk-r15c/sources/android/support/include -pie -fPIE  conftest.c >&5
configure:12196: $? = 0
configure:12196: /home/yangmiansi/sysstat/android-ndk-r15c/tmp/compile-tools/bin/aarch64-linux-android-gcc -c -I/home/yangmiansi/htop/ncurses-6.0/_install/include -I/home/yangmiansi/htop/ncurses-6.0/_install/include/ncurses -I/home/yangmiansi/sysstat/android-ndk-r15c/sources/android/support/include -pie -fPIE  conftest.c >&5
conftest.c: In function 'main':
conftest.c:75:20: error: expected expression before ')' token
 if (sizeof ((pid_t)))
                    ^
configure:12196: $? = 1
configure: failed program was:
| /* confdefs.h */
| #define PACKAGE_NAME "htop"
| #define PACKAGE_TARNAME "htop"
| #define PACKAGE_VERSION "2.0.2"
| #define PACKAGE_STRING "htop 2.0.2"
| #define PACKAGE_BUGREPORT "hisham@gobolinux.org"
| #define PACKAGE_URL ""
| #define PACKAGE "htop"
| #define VERSION "2.0.2"
| #define STDC_HEADERS 1
| #define HAVE_SYS_TYPES_H 1
| #define HAVE_SYS_STAT_H 1
| #define HAVE_STDLIB_H 1
| #define HAVE_STRING_H 1
| #define HAVE_MEMORY_H 1
| #define HAVE_STRINGS_H 1
| #define HAVE_INTTYPES_H 1
| #define HAVE_STDINT_H 1
| #define HAVE_UNISTD_H 1
| #define __EXTENSIONS__ 1
| #define _ALL_SOURCE 1
| #define _GNU_SOURCE 1
| #define _POSIX_PTHREAD_SEMANTICS 1
| #define _TANDEM_SOURCE 1
| #define HAVE_DLFCN_H 1
| #define LT_OBJDIR ".libs/"
| #define HAVE_LIBM 1
| #define HAVE_DIRENT_H 1
| #define STDC_HEADERS 1
| #define HAVE_STDLIB_H 1
| #define HAVE_STRING_H 1
| #define HAVE_STRINGS_H 1
| #define HAVE_SYS_PARAM_H 1
| #define HAVE_SYS_TIME_H 1
| #define HAVE_UNISTD_H 1
| #define HAVE__BOOL 1
| #define HAVE_STDBOOL_H 1
| /* end confdefs.h.  */
| #include <stdio.h>
| #ifdef HAVE_SYS_TYPES_H
| # include <sys/types.h>
| #endif
| #ifdef HAVE_SYS_STAT_H
| # include <sys/stat.h>
| #endif
| #ifdef STDC_HEADERS
| # include <stdlib.h>
| # include <stddef.h>
| #else
| # ifdef HAVE_STDLIB_H
| #  include <stdlib.h>
| # endif
| #endif
| #ifdef HAVE_STRING_H
| # if !defined STDC_HEADERS && defined HAVE_MEMORY_H
| #  include <memory.h>
| # endif
| # include <string.h>
| #endif
| #ifdef HAVE_STRINGS_H
| # include <strings.h>
| #endif
| #ifdef HAVE_INTTYPES_H
| # include <inttypes.h>
| #endif
| #ifdef HAVE_STDINT_H
| # include <stdint.h>
| #endif
| #ifdef HAVE_UNISTD_H
| # include <unistd.h>
| #endif
| int
| main ()
| {
| if (sizeof ((pid_t)))
| 	    return 0;
|   ;
|   return 0;
| }
configure:12196: result: yes
configure:12207: checking for uid_t in sys/types.h
configure:12226: result: yes
configure:12240: checking whether closedir returns void
configure:12274: result: yes
configure:12282: checking return type of signal handlers
configure:12300: /home/yangmiansi/sysstat/android-ndk-r15c/tmp/compile-tools/bin/aarch64-linux-android-gcc -c -I/home/yangmiansi/htop/ncurses-6.0/_install/include -I/home/yangmiansi/htop/ncurses-6.0/_install/include/ncurses -I/home/yangmiansi/sysstat/android-ndk-r15c/sources/android/support/include -pie -fPIE  conftest.c >&5
conftest.c: In function 'main':
conftest.c:46:1: error: void value not ignored as it ought to be
 return *(signal (0, 0)) (0) == 1;
 ^
configure:12300: $? = 1
configure: failed program was:
| /* confdefs.h */
| #define PACKAGE_NAME "htop"
| #define PACKAGE_TARNAME "htop"
| #define PACKAGE_VERSION "2.0.2"
| #define PACKAGE_STRING "htop 2.0.2"
| #define PACKAGE_BUGREPORT "hisham@gobolinux.org"
| #define PACKAGE_URL ""
| #define PACKAGE "htop"
| #define VERSION "2.0.2"
| #define STDC_HEADERS 1
| #define HAVE_SYS_TYPES_H 1
| #define HAVE_SYS_STAT_H 1
| #define HAVE_STDLIB_H 1
| #define HAVE_STRING_H 1
| #define HAVE_MEMORY_H 1
| #define HAVE_STRINGS_H 1
| #define HAVE_INTTYPES_H 1
| #define HAVE_STDINT_H 1
| #define HAVE_UNISTD_H 1
| #define __EXTENSIONS__ 1
| #define _ALL_SOURCE 1
| #define _GNU_SOURCE 1
| #define _POSIX_PTHREAD_SEMANTICS 1
| #define _TANDEM_SOURCE 1
| #define HAVE_DLFCN_H 1
| #define LT_OBJDIR ".libs/"
| #define HAVE_LIBM 1
| #define HAVE_DIRENT_H 1
| #define STDC_HEADERS 1
| #define HAVE_STDLIB_H 1
| #define HAVE_STRING_H 1
| #define HAVE_STRINGS_H 1
| #define HAVE_SYS_PARAM_H 1
| #define HAVE_SYS_TIME_H 1
| #define HAVE_UNISTD_H 1
| #define HAVE__BOOL 1
| #define HAVE_STDBOOL_H 1
| #define CLOSEDIR_VOID 1
| /* end confdefs.h.  */
| #include <sys/types.h>
| #include <signal.h>
| 
| int
| main ()
| {
| return *(signal (0, 0)) (0) == 1;
|   ;
|   return 0;
| }
configure:12307: result: void
configure:12315: checking whether lstat correctly handles trailing slash
configure:12358: result: no
configure:12377: checking whether stat accepts an empty string
configure:12407: result: yes
configure:12426: checking for memmove
configure:12426: /home/yangmiansi/sysstat/android-ndk-r15c/tmp/compile-tools/bin/aarch64-linux-android-gcc -o conftest -I/home/yangmiansi/htop/ncurses-6.0/_install/include -I/home/yangmiansi/htop/ncurses-6.0/_install/include/ncurses -I/home/yangmiansi/sysstat/android-ndk-r15c/sources/android/support/include -pie -fPIE  -L/home/yangmiansi/htop/ncurses-6.0/_install/lib -pie -fPIE conftest.c -lm  >&5
conftest.c:65:6: warning: conflicting types for built-in function 'memmove'
 char memmove ();
      ^
configure:12426: $? = 0
configure:12426: result: yes
configure:12426: checking for strncasecmp
configure:12426: /home/yangmiansi/sysstat/android-ndk-r15c/tmp/compile-tools/bin/aarch64-linux-android-gcc -o conftest -I/home/yangmiansi/htop/ncurses-6.0/_install/include -I/home/yangmiansi/htop/ncurses-6.0/_install/include/ncurses -I/home/yangmiansi/sysstat/android-ndk-r15c/sources/android/support/include -pie -fPIE  -L/home/yangmiansi/htop/ncurses-6.0/_install/lib -pie -fPIE conftest.c -lm  >&5
conftest.c:66:6: warning: conflicting types for built-in function 'strncasecmp'
 char strncasecmp ();
      ^
configure:12426: $? = 0
configure:12426: result: yes
configure:12426: checking for strstr
configure:12426: /home/yangmiansi/sysstat/android-ndk-r15c/tmp/compile-tools/bin/aarch64-linux-android-gcc -o conftest -I/home/yangmiansi/htop/ncurses-6.0/_install/include -I/home/yangmiansi/htop/ncurses-6.0/_install/include/ncurses -I/home/yangmiansi/sysstat/android-ndk-r15c/sources/android/support/include -pie -fPIE  -L/home/yangmiansi/htop/ncurses-6.0/_install/lib -pie -fPIE conftest.c -lm  >&5
conftest.c:67:6: warning: conflicting types for built-in function 'strstr'
 char strstr ();
      ^
configure:12426: $? = 0
configure:12426: result: yes
configure:12426: checking for strdup
configure:12426: /home/yangmiansi/sysstat/android-ndk-r15c/tmp/compile-tools/bin/aarch64-linux-android-gcc -o conftest -I/home/yangmiansi/htop/ncurses-6.0/_install/include -I/home/yangmiansi/htop/ncurses-6.0/_install/include/ncurses -I/home/yangmiansi/sysstat/android-ndk-r15c/sources/android/support/include -pie -fPIE  -L/home/yangmiansi/htop/ncurses-6.0/_install/lib -pie -fPIE conftest.c -lm  >&5
conftest.c:68:6: warning: conflicting types for built-in function 'strdup'
 char strdup ();
      ^
configure:12426: $? = 0
configure:12426: result: yes
configure:12438: checking whether gcc -std=c99 option works
configure:12451: /home/yangmiansi/sysstat/android-ndk-r15c/tmp/compile-tools/bin/aarch64-linux-android-gcc -c -I/home/yangmiansi/htop/ncurses-6.0/_install/include -I/home/yangmiansi/htop/ncurses-6.0/_install/include/ncurses -I/home/yangmiansi/sysstat/android-ndk-r15c/sources/android/support/include -pie -fPIE -std=c99  conftest.c >&5
configure:12451: $? = 0
configure:12452: result: yes
configure:12462: checking if compiler supports -Wextra
configure:12475: /home/yangmiansi/sysstat/android-ndk-r15c/tmp/compile-tools/bin/aarch64-linux-android-gcc -c -I/home/yangmiansi/htop/ncurses-6.0/_install/include -I/home/yangmiansi/htop/ncurses-6.0/_install/include/ncurses -I/home/yangmiansi/sysstat/android-ndk-r15c/sources/android/support/include -pie -fPIE -Wextra  conftest.c >&5
configure:12475: $? = 0
configure:12478: result: yes
configure:13121: checking for refresh in -lncurses
configure:13146: /home/yangmiansi/sysstat/android-ndk-r15c/tmp/compile-tools/bin/aarch64-linux-android-gcc -o conftest -I/home/yangmiansi/htop/ncurses-6.0/_install/include -I/home/yangmiansi/htop/ncurses-6.0/_install/include/ncurses -I/home/yangmiansi/sysstat/android-ndk-r15c/sources/android/support/include -pie -fPIE  -lncurses -ltinfo -L/home/yangmiansi/htop/ncurses-6.0/_install/lib -pie -fPIE conftest.c -lncurses  -lm  >&5
/mnt/sda/yangmiansi/sysstat/android-ndk-r15c/tmp/compile-tools/bin/../lib/gcc/aarch64-linux-android/4.9.x/../../../../aarch64-linux-android/bin/ld: cannot find -ltinfo
collect2: error: ld returned 1 exit status
configure:13146: $? = 1
configure: failed program was:
| /* confdefs.h */
| #define PACKAGE_NAME "htop"
| #define PACKAGE_TARNAME "htop"
| #define PACKAGE_VERSION "2.0.2"
| #define PACKAGE_STRING "htop 2.0.2"
| #define PACKAGE_BUGREPORT "hisham@gobolinux.org"
| #define PACKAGE_URL ""
| #define PACKAGE "htop"
| #define VERSION "2.0.2"
| #define STDC_HEADERS 1
| #define HAVE_SYS_TYPES_H 1
| #define HAVE_SYS_STAT_H 1
| #define HAVE_STDLIB_H 1
| #define HAVE_STRING_H 1
| #define HAVE_MEMORY_H 1
| #define HAVE_STRINGS_H 1
| #define HAVE_INTTYPES_H 1
| #define HAVE_STDINT_H 1
| #define HAVE_UNISTD_H 1
| #define __EXTENSIONS__ 1
| #define _ALL_SOURCE 1
| #define _GNU_SOURCE 1
| #define _POSIX_PTHREAD_SEMANTICS 1
| #define _TANDEM_SOURCE 1
| #define HAVE_DLFCN_H 1
| #define LT_OBJDIR ".libs/"
| #define HAVE_LIBM 1
| #define HAVE_DIRENT_H 1
| #define STDC_HEADERS 1
| #define HAVE_STDLIB_H 1
| #define HAVE_STRING_H 1
| #define HAVE_STRINGS_H 1
| #define HAVE_SYS_PARAM_H 1
| #define HAVE_SYS_TIME_H 1
| #define HAVE_UNISTD_H 1
| #define HAVE__BOOL 1
| #define HAVE_STDBOOL_H 1
| #define CLOSEDIR_VOID 1
| #define RETSIGTYPE void
| #define HAVE_STAT_EMPTY_STRING_BUG 1
| #define HAVE_MEMMOVE 1
| #define HAVE_STRNCASECMP 1
| #define HAVE_STRSTR 1
| #define HAVE_STRDUP 1
| #define PROCDIR "/proc"
| #define HAVE_TASKSTATS 1
| /* end confdefs.h.  */
| 
| /* Override any GCC internal prototype to avoid an error.
|    Use char because int might match the return type of a GCC
|    builtin and then its argument prototype would still apply.  */
| #ifdef __cplusplus
| extern "C"
| #endif
| char refresh ();
| int
| main ()
| {
| return refresh ();
|   ;
|   return 0;
| }
configure:13155: result: no
configure:13171: checking for refresh in -lncurses6
configure:13196: /home/yangmiansi/sysstat/android-ndk-r15c/tmp/compile-tools/bin/aarch64-linux-android-gcc -o conftest -I/home/yangmiansi/htop/ncurses-6.0/_install/include -I/home/yangmiansi/htop/ncurses-6.0/_install/include/ncurses -I/home/yangmiansi/sysstat/android-ndk-r15c/sources/android/support/include -pie -fPIE  -L/home/yangmiansi/htop/ncurses-6.0/_install/lib -pie -fPIE conftest.c -lncurses6  -lm  >&5
configure:13196: $? = 0
configure:13205: result: yes
configure:13275: checking curses.h usability
configure:13275: /home/yangmiansi/sysstat/android-ndk-r15c/tmp/compile-tools/bin/aarch64-linux-android-gcc -c -I/home/yangmiansi/htop/ncurses-6.0/_install/include -I/home/yangmiansi/htop/ncurses-6.0/_install/include/ncurses -I/home/yangmiansi/sysstat/android-ndk-r15c/sources/android/support/include -pie -fPIE  conftest.c >&5
configure:13275: $? = 0
configure:13275: result: yes
configure:13275: checking curses.h presence
configure:13275: /home/yangmiansi/sysstat/android-ndk-r15c/tmp/compile-tools/bin/aarch64-linux-android-gcc -E  conftest.c
conftest.c:49:20: fatal error: curses.h: No such file or directory
 #include <curses.h>
                    ^
compilation terminated.
configure:13275: $? = 1
configure: failed program was:
| /* confdefs.h */
| #define PACKAGE_NAME "htop"
| #define PACKAGE_TARNAME "htop"
| #define PACKAGE_VERSION "2.0.2"
| #define PACKAGE_STRING "htop 2.0.2"
| #define PACKAGE_BUGREPORT "hisham@gobolinux.org"
| #define PACKAGE_URL ""
| #define PACKAGE "htop"
| #define VERSION "2.0.2"
| #define STDC_HEADERS 1
| #define HAVE_SYS_TYPES_H 1
| #define HAVE_SYS_STAT_H 1
| #define HAVE_STDLIB_H 1
| #define HAVE_STRING_H 1
| #define HAVE_MEMORY_H 1
| #define HAVE_STRINGS_H 1
| #define HAVE_INTTYPES_H 1
| #define HAVE_STDINT_H 1
| #define HAVE_UNISTD_H 1
| #define __EXTENSIONS__ 1
| #define _ALL_SOURCE 1
| #define _GNU_SOURCE 1
| #define _POSIX_PTHREAD_SEMANTICS 1
| #define _TANDEM_SOURCE 1
| #define HAVE_DLFCN_H 1
| #define LT_OBJDIR ".libs/"
| #define HAVE_LIBM 1
| #define HAVE_DIRENT_H 1
| #define STDC_HEADERS 1
| #define HAVE_STDLIB_H 1
| #define HAVE_STRING_H 1
| #define HAVE_STRINGS_H 1
| #define HAVE_SYS_PARAM_H 1
| #define HAVE_SYS_TIME_H 1
| #define HAVE_UNISTD_H 1
| #define HAVE__BOOL 1
| #define HAVE_STDBOOL_H 1
| #define CLOSEDIR_VOID 1
| #define RETSIGTYPE void
| #define HAVE_STAT_EMPTY_STRING_BUG 1
| #define HAVE_MEMMOVE 1
| #define HAVE_STRNCASECMP 1
| #define HAVE_STRSTR 1
| #define HAVE_STRDUP 1
| #define PROCDIR "/proc"
| #define HAVE_TASKSTATS 1
| #define HAVE_LIBNCURSES 1
| /* end confdefs.h.  */
| #include <curses.h>
configure:13275: result: no
configure:13275: WARNING: curses.h: accepted by the compiler, rejected by the preprocessor!
configure:13275: WARNING: curses.h: proceeding with the compiler's result
configure:13275: checking for curses.h
configure:13275: result: yes
configure:13724: checking that generated files are newer than configure
configure:13730: result: done
configure:13773: creating ./config.status

## ---------------------- ##
## Running config.status. ##
## ---------------------- ##

This file was extended by htop config.status 2.0.2, which was
generated by GNU Autoconf 2.69.  Invocation command line was

  CONFIG_FILES    = 
  CONFIG_HEADERS  = 
  CONFIG_LINKS    = 
  CONFIG_COMMANDS = 
  $ ./config.status 

on ubuntu00

config.status:1127: creating Makefile
config.status:1127: creating htop.1
config.status:1127: creating config.h
config.status:1308: config.h is unchanged
config.status:1356: executing depfiles commands
config.status:1356: executing libtool commands

## ---------------- ##
## Cache variables. ##
## ---------------- ##

ac_cv_build=x86_64-unknown-linux-gnu
ac_cv_c_compiler_gnu=yes
ac_cv_c_const=yes
ac_cv_env_CC_set=set
ac_cv_env_CC_value=/home/yangmiansi/sysstat/android-ndk-r15c/tmp/compile-tools/bin/aarch64-linux-android-gcc
ac_cv_env_CFLAGS_set=set
ac_cv_env_CFLAGS_value='-I/home/yangmiansi/htop/ncurses-6.0/_install/include -I/home/yangmiansi/htop/ncurses-6.0/_install/include/ncurses -I/home/yangmiansi/sysstat/android-ndk-r15c/sources/android/support/include -pie -fPIE'
ac_cv_env_CPPFLAGS_set=
ac_cv_env_CPPFLAGS_value=
ac_cv_env_CPP_set=
ac_cv_env_CPP_value=
ac_cv_env_LDFLAGS_set=set
ac_cv_env_LDFLAGS_value='-L/home/yangmiansi/htop/ncurses-6.0/_install/lib -pie -fPIE'
ac_cv_env_LIBS_set=
ac_cv_env_LIBS_value=
ac_cv_env_build_alias_set=
ac_cv_env_build_alias_value=
ac_cv_env_host_alias_set=set
ac_cv_env_host_alias_value=arm-linux-androideabi
ac_cv_env_target_alias_set=
ac_cv_env_target_alias_value=
ac_cv_func_closedir_void=yes
ac_cv_func_lstat_dereferences_slashed_symlink=no
ac_cv_func_memmove=yes
ac_cv_func_stat_empty_string_bug=yes
ac_cv_func_strdup=yes
ac_cv_func_strncasecmp=yes
ac_cv_func_strstr=yes
ac_cv_header_curses_h=yes
ac_cv_header_dirent_dirent_h=yes
ac_cv_header_dlfcn_h=yes
ac_cv_header_execinfo_h=no
ac_cv_header_inttypes_h=yes
ac_cv_header_memory_h=yes
ac_cv_header_minix_config_h=no
ac_cv_header_stdbool_h=yes
ac_cv_header_stdc=yes
ac_cv_header_stdint_h=yes
ac_cv_header_stdlib_h=yes
ac_cv_header_string_h=yes
ac_cv_header_strings_h=yes
ac_cv_header_sys_param_h=yes
ac_cv_header_sys_stat_h=yes
ac_cv_header_sys_time_h=yes
ac_cv_header_sys_types_h=yes
ac_cv_header_unistd_h=yes
ac_cv_host=arm-unknown-linux-androideabi
ac_cv_lib_m_ceil=yes
ac_cv_lib_ncurses6_refresh=yes
ac_cv_lib_ncurses_refresh=no
ac_cv_objext=o
ac_cv_path_EGREP='/bin/grep -E'
ac_cv_path_FGREP='/bin/grep -F'
ac_cv_path_GREP=/bin/grep
ac_cv_path_SED=/bin/sed
ac_cv_path_install='/usr/bin/install -c'
ac_cv_path_mkdir=/bin/mkdir
ac_cv_prog_AR=arm-linux-androideabi-ar
ac_cv_prog_AWK=mawk
ac_cv_prog_CC=/home/yangmiansi/sysstat/android-ndk-r15c/tmp/compile-tools/bin/aarch64-linux-android-gcc
ac_cv_prog_CPP='/home/yangmiansi/sysstat/android-ndk-r15c/tmp/compile-tools/bin/aarch64-linux-android-gcc -E'
ac_cv_prog_OBJDUMP=arm-linux-androideabi-objdump
ac_cv_prog_RANLIB=arm-linux-androideabi-ranlib
ac_cv_prog_STRIP=arm-linux-androideabi-strip
ac_cv_prog_ac_ct_MANIFEST_TOOL=mt
ac_cv_prog_cc_c89=
ac_cv_prog_cc_g=yes
ac_cv_prog_make_make_set=yes
ac_cv_safe_to_define___extensions__=yes
ac_cv_search_opendir='none required'
ac_cv_target=arm-unknown-linux-androideabi
ac_cv_type__Bool=yes
ac_cv_type_pid_t=yes
ac_cv_type_signal=void
ac_cv_type_uid_t=yes
am_cv_CC_dependencies_compiler_type=gcc3
am_cv_make_support_nested_variables=yes
am_cv_prog_cc_c_o=yes
lt_cv_ar_at_file=@
lt_cv_deplibs_check_method=pass_all
lt_cv_file_magic_cmd='$MAGIC_CMD'
lt_cv_file_magic_test_file=
lt_cv_ld_reload_flag=-r
lt_cv_nm_interface='BSD nm'
lt_cv_objdir=.libs
lt_cv_path_LD=/mnt/sda/yangmiansi/sysstat/android-ndk-r15c/tmp/compile-tools/aarch64-linux-android/bin/ld
lt_cv_path_NM='/mnt/sda/yangmiansi/workspace/imx8_baseline/2.0.0/prebuilts/gcc/linux-x86/arm/arm-linux-androideabi-4.9/bin/arm-linux-androideabi-nm -B'
lt_cv_path_mainfest_tool=no
lt_cv_prog_compiler_c_o=yes
lt_cv_prog_compiler_pic='-fPIC -DPIC'
lt_cv_prog_compiler_pic_works=yes
lt_cv_prog_compiler_rtti_exceptions=no
lt_cv_prog_compiler_static_works=yes
lt_cv_prog_gnu_ld=yes
lt_cv_sharedlib_from_linklib_cmd='printf %s\n'
lt_cv_shlibpath_overrides_runpath=no
lt_cv_sys_global_symbol_pipe=
lt_cv_sys_global_symbol_to_c_name_address='sed -n -e '\''s/^: \([^ ]*\)[ ]*$/  {\"\1\", (void *) 0},/p'\'' -e '\''s/^[ABCDGIRSTW]* \([^ ]*\) \([^ ]*\)$/  {"\2", (void *) \&\2},/p'\'''
lt_cv_sys_global_symbol_to_c_name_address_lib_prefix='sed -n -e '\''s/^: \([^ ]*\)[ ]*$/  {\"\1\", (void *) 0},/p'\'' -e '\''s/^[ABCDGIRSTW]* \([^ ]*\) \(lib[^ ]*\)$/  {"\2", (void *) \&\2},/p'\'' -e '\''s/^[ABCDGIRSTW]* \([^ ]*\) \([^ ]*\)$/  {"lib\2", (void *) \&\2},/p'\'''
lt_cv_sys_global_symbol_to_cdecl=
lt_cv_sys_max_cmd_len=1572864
lt_cv_to_host_file_cmd=func_convert_file_noop
lt_cv_to_tool_file_cmd=func_convert_file_noop

## ----------------- ##
## Output variables. ##
## ----------------- ##

ACLOCAL='${SHELL} /home/yangmiansi/htop/htop-2.0.2/missing aclocal-1.14'
AMDEPBACKSLASH='\'
AMDEP_FALSE='#'
AMDEP_TRUE=''
AMTAR='$${TAR-tar}'
AM_BACKSLASH='\'
AM_DEFAULT_V='$(AM_DEFAULT_VERBOSITY)'
AM_DEFAULT_VERBOSITY='1'
AM_V='$(V)'
AR='arm-linux-androideabi-ar'
AUTOCONF='${SHELL} /home/yangmiansi/htop/htop-2.0.2/missing autoconf'
AUTOHEADER='${SHELL} /home/yangmiansi/htop/htop-2.0.2/missing autoheader'
AUTOMAKE='${SHELL} /home/yangmiansi/htop/htop-2.0.2/missing automake-1.14'
AWK='mawk'
CC='/home/yangmiansi/sysstat/android-ndk-r15c/tmp/compile-tools/bin/aarch64-linux-android-gcc'
CCDEPMODE='depmode=gcc3'
CFLAGS='-I/home/yangmiansi/htop/ncurses-6.0/_install/include -I/home/yangmiansi/htop/ncurses-6.0/_install/include/ncurses -I/home/yangmiansi/sysstat/android-ndk-r15c/sources/android/support/include -pie -fPIE'
CPP='/home/yangmiansi/sysstat/android-ndk-r15c/tmp/compile-tools/bin/aarch64-linux-android-gcc -E'
CPPFLAGS=''
CYGPATH_W='echo'
DEFS='-DHAVE_CONFIG_H'
DEPDIR='.deps'
DLLTOOL='false'
DSYMUTIL=''
DUMPBIN=''
ECHO_C=''
ECHO_N='-n'
ECHO_T=''
EGREP='/bin/grep -E'
EXEEXT=''
FGREP='/bin/grep -F'
GREP='/bin/grep'
HTOP_DARWIN_FALSE=''
HTOP_DARWIN_TRUE='#'
HTOP_FREEBSD_FALSE=''
HTOP_FREEBSD_TRUE='#'
HTOP_LINUX_FALSE='#'
HTOP_LINUX_TRUE=''
HTOP_OPENBSD_FALSE=''
HTOP_OPENBSD_TRUE='#'
HTOP_UNSUPPORTED_FALSE=''
HTOP_UNSUPPORTED_TRUE='#'
INSTALL_DATA='${INSTALL} -m 644'
INSTALL_PROGRAM='${INSTALL}'
INSTALL_SCRIPT='${INSTALL}'
INSTALL_STRIP_PROGRAM='$(install_sh) -c -s'
LD='/mnt/sda/yangmiansi/sysstat/android-ndk-r15c/tmp/compile-tools/aarch64-linux-android/bin/ld'
LDFLAGS='-L/home/yangmiansi/htop/ncurses-6.0/_install/lib -pie -fPIE'
LIBOBJS=' ${LIBOBJDIR}lstat$U.o ${LIBOBJDIR}stat$U.o'
LIBS='-lncurses6 -lm  '
LIBTOOL='$(SHELL) $(top_builddir)/libtool'
LIPO=''
LN_S='ln -s'
LTLIBOBJS=' ${LIBOBJDIR}lstat$U.lo ${LIBOBJDIR}stat$U.lo'
MAKEINFO='${SHELL} /home/yangmiansi/htop/htop-2.0.2/missing makeinfo'
MANIFEST_TOOL=':'
MKDIR_P='/bin/mkdir -p'
NM='/mnt/sda/yangmiansi/workspace/imx8_baseline/2.0.0/prebuilts/gcc/linux-x86/arm/arm-linux-androideabi-4.9/bin/arm-linux-androideabi-nm -B'
NMEDIT=''
OBJDUMP='arm-linux-androideabi-objdump'
OBJEXT='o'
OTOOL64=''
OTOOL=''
PACKAGE='htop'
PACKAGE_BUGREPORT='hisham@gobolinux.org'
PACKAGE_NAME='htop'
PACKAGE_STRING='htop 2.0.2'
PACKAGE_TARNAME='htop'
PACKAGE_URL=''
PACKAGE_VERSION='2.0.2'
PATH_SEPARATOR=':'
RANLIB='arm-linux-androideabi-ranlib'
SED='/bin/sed'
SET_MAKE=''
SHELL='/bin/bash'
STRIP='arm-linux-androideabi-strip'
VERSION='2.0.2'
ac_ct_AR=''
ac_ct_CC=''
ac_ct_DUMPBIN=''
am__EXEEXT_FALSE=''
am__EXEEXT_TRUE='#'
am__fastdepCC_FALSE='#'
am__fastdepCC_TRUE=''
am__include='include'
am__isrc=''
am__leading_dot='.'
am__nodep='_no'
am__quote=''
am__tar='$${TAR-tar} chof - "$$tardir"'
am__untar='$${TAR-tar} xf -'
bindir='/home/yangmiansi/htop/htop-2.0.2/_install/xbin'
build='x86_64-unknown-linux-gnu'
build_alias=''
build_cpu='x86_64'
build_os='linux-gnu'
build_vendor='unknown'
datadir='${datarootdir}'
datarootdir='${prefix}/share'
docdir='${datarootdir}/doc/${PACKAGE_TARNAME}'
dvidir='${docdir}'
exec_prefix='${prefix}'
host='arm-unknown-linux-androideabi'
host_alias='arm-linux-androideabi'
host_cpu='arm'
host_os='linux-androideabi'
host_vendor='unknown'
htmldir='${docdir}'
includedir='${prefix}/include'
infodir='${datarootdir}/info'
install_sh='${SHELL} /home/yangmiansi/htop/htop-2.0.2/install-sh'
libdir='${exec_prefix}/lib'
libexecdir='${exec_prefix}/libexec'
localedir='${datarootdir}/locale'
localstatedir='${prefix}/var'
mandir='${datarootdir}/man'
mkdir_p='$(MKDIR_P)'
my_htop_platform='linux'
oldincludedir='/usr/include'
pdfdir='${docdir}'
prefix='/home/yangmiansi/htop/htop-2.0.2/_install'
program_transform_name='s,x,x,'
psdir='${docdir}'
sbindir='${exec_prefix}/sbin'
sharedstatedir='${prefix}/com'
sysconfdir='${prefix}/etc'
target='arm-unknown-linux-androideabi'
target_alias=''
target_cpu='arm'
target_os='linux-androideabi'
target_vendor='unknown'
wextra_flag='-Wextra'

## ----------- ##
## confdefs.h. ##
## ----------- ##

/* confdefs.h */
#define PACKAGE_NAME "htop"
#define PACKAGE_TARNAME "htop"
#define PACKAGE_VERSION "2.0.2"
#define PACKAGE_STRING "htop 2.0.2"
#define PACKAGE_BUGREPORT "hisham@gobolinux.org"
#define PACKAGE_URL ""
#define PACKAGE "htop"
#define VERSION "2.0.2"
#define STDC_HEADERS 1
#define HAVE_SYS_TYPES_H 1
#define HAVE_SYS_STAT_H 1
#define HAVE_STDLIB_H 1
#define HAVE_STRING_H 1
#define HAVE_MEMORY_H 1
#define HAVE_STRINGS_H 1
#define HAVE_INTTYPES_H 1
#define HAVE_STDINT_H 1
#define HAVE_UNISTD_H 1
#define __EXTENSIONS__ 1
#define _ALL_SOURCE 1
#define _GNU_SOURCE 1
#define _POSIX_PTHREAD_SEMANTICS 1
#define _TANDEM_SOURCE 1
#define HAVE_DLFCN_H 1
#define LT_OBJDIR ".libs/"
#define HAVE_LIBM 1
#define HAVE_DIRENT_H 1
#define STDC_HEADERS 1
#define HAVE_STDLIB_H 1
#define HAVE_STRING_H 1
#define HAVE_STRINGS_H 1
#define HAVE_SYS_PARAM_H 1
#define HAVE_SYS_TIME_H 1
#define HAVE_UNISTD_H 1
#define HAVE__BOOL 1
#define HAVE_STDBOOL_H 1
#define CLOSEDIR_VOID 1
#define RETSIGTYPE void
#define HAVE_STAT_EMPTY_STRING_BUG 1
#define HAVE_MEMMOVE 1
#define HAVE_STRNCASECMP 1
#define HAVE_STRSTR 1
#define HAVE_STRDUP 1
#define PROCDIR "/proc"
#define HAVE_TASKSTATS 1
#define HAVE_LIBNCURSES 1
#define HAVE_CURSES_H 1
#define HAVE_LINUX_AFFINITY 1
#define COPYRIGHT "(C) 2004-2019 Hisham Muhammad"

configure: exit 0
